<?xml version="1.0" encoding="UTF-8"?>
<testng-results skipped="0" failed="0" ignored="0" total="2" passed="2">
  <reporter-output>
  </reporter-output>
  <suite name="Default suite" duration-ms="5911" started-at="2018-03-27T03:17:46Z" finished-at="2018-03-27T03:17:52Z">
    <groups>
    </groups>
    <test name="Default test" duration-ms="5911" started-at="2018-03-27T03:17:46Z" finished-at="2018-03-27T03:17:52Z">
      <class name="FireFox">
        <test-method status="PASS" signature="login()[pri:0, instance:FireFox@80503]" name="login" duration-ms="8" started-at="2018-03-27T03:17:46Z" finished-at="2018-03-27T03:17:46Z">
          <reporter-output>
          </reporter-output>
        </test-method> <!-- login -->
        <test-method status="PASS" signature="url()[pri:0, instance:FireFox@80503]" name="url" duration-ms="5882" started-at="2018-03-27T03:17:46Z" finished-at="2018-03-27T03:17:52Z">
          <reporter-output>
          </reporter-output>
        </test-method> <!-- url -->
      </class> <!-- FireFox -->
    </test> <!-- Default test -->
  </suite> <!-- Default suite -->
</testng-results>
